<?xml version="1.0" encoding="UTF-8"?>
<!-- Generated by org.testng.reporters.JUnitReportReporter -->
<testsuite hostname="LAPTOP-TI61EAF6" failures="0" tests="2" name="NaveenAutomationLabs.ScenariosTest.AddProductsToCartsTest" time="2.496" errors="0" timestamp="2025-09-13T13:01:22 IST" skipped="0">
  <testcase classname="NaveenAutomationLabs.ScenariosTest.AddProductsToCartsTest" name="AddToCart" time="2.035"/>
  <testcase classname="NaveenAutomationLabs.ScenariosTest.AddProductsToCartsTest" name="Login" time="0.461"/>
</testsuite> <!-- NaveenAutomationLabs.ScenariosTest.AddProductsToCartsTest -->
