<?xml version="1.0" encoding="UTF-8"?>
<!-- Generated by org.testng.reporters.JUnitReportReporter -->
<testsuite hostname="LAPTOP-TI61EAF6" failures="0" tests="2" name="NaveenAutomationLabs.ScenariosTest.LoginTest" time="3.067" errors="0" timestamp="2025-09-12T23:30:50 IST" skipped="0">
  <testcase classname="NaveenAutomationLabs.ScenariosTest.LoginTest" name="ValidLogin" time="1.387"/>
  <testcase classname="NaveenAutomationLabs.ScenariosTest.LoginTest" name="ValidLogin" time="1.680"/>
</testsuite> <!-- NaveenAutomationLabs.ScenariosTest.LoginTest -->
