<?xml version="1.0" encoding="UTF-8"?>
<!-- Generated by org.testng.reporters.JUnitReportReporter -->
<testsuite hostname="LAPTOP-TI61EAF6" failures="0" tests="2" name="NaveenAutomationLabs.ScenariosTest.AddProductsToCartsTest" time="1.706" errors="0" timestamp="2025-09-13T16:28:40 IST" skipped="0">
  <testcase classname="NaveenAutomationLabs.ScenariosTest.AddProductsToCartsTest" name="AddToCart" time="1.311"/>
  <testcase classname="NaveenAutomationLabs.ScenariosTest.AddProductsToCartsTest" name="Login" time="0.395"/>
</testsuite> <!-- NaveenAutomationLabs.ScenariosTest.AddProductsToCartsTest -->
