<?xml version="1.0" encoding="UTF-8"?>
<!-- Generated by org.testng.reporters.JUnitReportReporter -->
<testsuite hostname="LAPTOP-TI61EAF6" failures="0" tests="2" name="NaveenAutomationLabs.ScenariosTest.LoginTest" time="3.350" errors="0" timestamp="2025-09-13T16:28:40 IST" skipped="0">
  <testcase classname="NaveenAutomationLabs.ScenariosTest.LoginTest" name="ValidLogin" time="1.682"/>
  <testcase classname="NaveenAutomationLabs.ScenariosTest.LoginTest" name="ValidLogin" time="1.668"/>
</testsuite> <!-- NaveenAutomationLabs.ScenariosTest.LoginTest -->
