<?xml version="1.0" encoding="UTF-8"?>
<!-- Generated by org.testng.reporters.JUnitReportReporter -->
<testsuite hostname="LAPTOP-TI61EAF6" failures="0" tests="1" name="NaveenAutomationLabs.ScenariosTest.RegisterNegevetiveTest" time="2.912" errors="0" timestamp="2025-09-13T00:01:31 IST" skipped="0">
  <testcase classname="NaveenAutomationLabs.ScenariosTest.RegisterNegevetiveTest" name="EmailAlreadyExistTC1" time="2.912"/>
</testsuite> <!-- NaveenAutomationLabs.ScenariosTest.RegisterNegevetiveTest -->
