<?xml version="1.0" encoding="UTF-8"?>
<!-- Generated by org.testng.reporters.JUnitReportReporter -->
<testsuite hostname="LAPTOP-TI61EAF6" failures="0" tests="2" name="NaveenAutomationLabs.ScenariosTest.RegisterTest" time="8.352" errors="0" timestamp="2025-09-12T16:06:20 IST" skipped="0">
  <testcase classname="NaveenAutomationLabs.ScenariosTest.RegisterTest" name="ValidRegisterTC1" time="5.275"/>
  <testcase classname="NaveenAutomationLabs.ScenariosTest.RegisterTest" name="ValidRegisterTC1" time="3.077"/>
</testsuite> <!-- NaveenAutomationLabs.ScenariosTest.RegisterTest -->
