<?xml version="1.0" encoding="UTF-8"?>
<!-- Generated by org.testng.reporters.JUnitReportReporter -->
<testsuite hostname="LAPTOP-TI61EAF6" failures="0" tests="1" name="NaveenAutomationLabs.ScenariosTest.LoginTest" time="0.001" errors="0" timestamp="2025-09-12T20:05:57 IST" skipped="0">
  <testcase classname="NaveenAutomationLabs.ScenariosTest.LoginTest" name="ValidLogin" time="0.001"/>
</testsuite> <!-- NaveenAutomationLabs.ScenariosTest.LoginTest -->
