<?xml version="1.0" encoding="UTF-8"?>
<!-- Generated by org.testng.reporters.JUnitReportReporter -->
<testsuite hostname="LAPTOP-TI61EAF6" failures="0" tests="2" name="NaveenAutomationLabs.ScenariosTest.RegisterTest" time="5.660" errors="0" timestamp="2025-09-12T20:55:30 IST" skipped="0">
  <testcase classname="NaveenAutomationLabs.ScenariosTest.RegisterTest" name="ValidRegisterTC1" time="2.484"/>
  <testcase classname="NaveenAutomationLabs.ScenariosTest.RegisterTest" name="ValidRegisterTC1" time="3.176"/>
</testsuite> <!-- NaveenAutomationLabs.ScenariosTest.RegisterTest -->
